0 verbose cli D:\Node.js\node.exe D:\Node.js\node_modules\npm\bin\npm-cli.js
1 info using npm@11.13.0
2 info using node@v24.16.0
3 silly config load:file:D:\Node.js\node_modules\npm\npmrc
4 silly config load:file:D:\GitHub\atpoint\.npmrc
5 silly config load:file:C:\Users\HUAWEI\.npmrc
6 silly config load:file:D:\Node.js\node_global'\etc\npmrc
7 verbose title npm exec pnpm install astro
8 verbose argv "exec" "--" "pnpm" "install" "astro"
9 verbose logfile logs-max:10 dir:d:\GitHub\atpoint\.npm-cache\_logs\2026-06-09T02_58_13_906Z-
10 verbose logfile d:\GitHub\atpoint\.npm-cache\_logs\2026-06-09T02_58_13_906Z-debug-0.log
11 silly logfile done cleaning log files
12 silly packumentCache heap:4496293888 maxSize:1124073472 maxEntrySize:562036736
13 http fetch GET 200 https://registry.npmjs.org/pnpm 1676ms (cache miss)
14 silly packumentCache heap:4496293888 maxSize:1124073472 maxEntrySize:562036736
15 silly packumentCache heap:4496293888 maxSize:1124073472 maxEntrySize:562036736
16 warn exec The following package was not found and will be installed: pnpm@11.5.2
17 silly idealTree buildDeps
18 silly fetch manifest pnpm@11.5.2
19 silly packumentCache full:https://registry.npmjs.org/pnpm cache-miss
20 http fetch GET 200 https://registry.npmjs.org/pnpm 679ms (cache miss)
21 silly packumentCache full:https://registry.npmjs.org/pnpm set size:undefined disposed:false
22 silly placeDep ROOT pnpm@11.5.2 OK for:  want: 11.5.2
23 silly reify moves {}
24 silly audit bulk request { pnpm: [ '11.5.2' ] }
25 http cache pnpm@https://registry.npmjs.org/pnpm/-/pnpm-11.5.2.tgz 1ms (cache hit)
26 silly tarball no local data for pnpm@https://registry.npmjs.org/pnpm/-/pnpm-11.5.2.tgz. Extracting by manifest.
27 http fetch POST 200 https://registry.npmjs.org/-/npm/v1/security/advisories/bulk 259ms
28 silly audit report {}
29 http fetch GET 200 https://registry.npmjs.org/pnpm/-/pnpm-11.5.2.tgz 2908ms (cache miss)
30 verbose cwd D:\GitHub\atpoint
31 verbose os Windows_NT 10.0.22631
32 verbose node v24.16.0
33 verbose npm  v11.13.0
34 verbose exit 1
35 verbose code 1
